app/build/intermediates/manifest_merge_blame_file/debug/manifest-merger-blame-debug-report.txt
1<?xml version="1.0" encoding="utf-8"?>
2<manifest xmlns:android="http://schemas.android.com/apk/res/android"
3    package="com.defence.tracking_test"
4    android:versionCode="1"
5    android:versionName="1.0" >
6
7    <uses-sdk
8        android:minSdkVersion="21"
8-->src\main\AndroidManifest.xml
9        android:targetSdkVersion="31" />
9-->src\main\AndroidManifest.xml
10
11    <uses-permission android:name="android.permission.ACCESS_FINE_LOCATION" />
11-->src\main\AndroidManifest.xml:5:5-79
11-->src\main\AndroidManifest.xml:5:22-76
12
13    <!-- Although the *SdkVersion is captured in gradle build files, this is required for non gradle builds -->
14    <!-- <uses-sdk android:minSdkVersion="14"/> -->
15    <uses-permission android:name="android.permission.ACCESS_NETWORK_STATE" />
15-->[com.google.firebase:firebase-database:20.0.1] AndroidManifest.xml:25:5-79
15-->[com.google.firebase:firebase-database:20.0.1] AndroidManifest.xml:25:22-76
16    <uses-permission android:name="android.permission.INTERNET" />
16-->[com.google.firebase:firebase-database:20.0.1] AndroidManifest.xml:26:5-67
16-->[com.google.firebase:firebase-database:20.0.1] AndroidManifest.xml:26:22-64
17
18    <uses-feature
18-->[com.google.android.gms:play-services-maps:17.0.1] AndroidManifest.xml:26:5-28:35
19        android:glEsVersion="0x00020000"
19-->[com.google.android.gms:play-services-maps:17.0.1] AndroidManifest.xml:27:9-41
20        android:required="true" />
20-->[com.google.android.gms:play-services-maps:17.0.1] AndroidManifest.xml:28:9-32
21
22    <queries>
22-->[com.google.android.gms:play-services-maps:17.0.1] AndroidManifest.xml:30:5-34:15
23
24        <!-- Needs to be explicitly declared on Android R+ -->
25        <package android:name="com.google.android.apps.maps" />
25-->[com.google.android.gms:play-services-maps:17.0.1] AndroidManifest.xml:33:9-64
25-->[com.google.android.gms:play-services-maps:17.0.1] AndroidManifest.xml:33:18-61
26    </queries>
27
28    <application
28-->src\main\AndroidManifest.xml:6:5-22:19
29        android:allowBackup="true"
29-->src\main\AndroidManifest.xml:7:9-35
30        android:appComponentFactory="androidx.core.app.CoreComponentFactory"
30-->[androidx.core:core:1.5.0] AndroidManifest.xml:24:18-86
31        android:debuggable="true"
32        android:icon="@mipmap/ic_launcher"
32-->src\main\AndroidManifest.xml:8:9-43
33        android:label="@string/app_name"
33-->src\main\AndroidManifest.xml:9:9-41
34        android:roundIcon="@mipmap/ic_launcher_round"
34-->src\main\AndroidManifest.xml:10:9-54
35        android:supportsRtl="true"
35-->src\main\AndroidManifest.xml:11:9-35
36        android:testOnly="true"
37        android:theme="@style/Theme.Tracking_Test" >
37-->src\main\AndroidManifest.xml:12:9-51
38        <activity
38-->src\main\AndroidManifest.xml:13:9-21:20
39            android:name="com.defence.tracking_test.MainActivity"
39-->src\main\AndroidManifest.xml:14:13-41
40            android:exported="true" >
40-->src\main\AndroidManifest.xml:15:13-36
41            <intent-filter>
41-->src\main\AndroidManifest.xml:16:13-20:29
42                <action android:name="android.intent.action.MAIN" />
42-->src\main\AndroidManifest.xml:17:17-69
42-->src\main\AndroidManifest.xml:17:25-66
43
44                <category android:name="android.intent.category.LAUNCHER" />
44-->src\main\AndroidManifest.xml:19:17-77
44-->src\main\AndroidManifest.xml:19:27-74
45            </intent-filter>
46        </activity>
47
48        <service
48-->[com.google.firebase:firebase-database:20.0.1] AndroidManifest.xml:29:9-35:19
49            android:name="com.google.firebase.components.ComponentDiscoveryService"
49-->[com.google.firebase:firebase-database:20.0.1] AndroidManifest.xml:30:13-84
50            android:directBootAware="true"
50-->[com.google.firebase:firebase-common:20.0.0] AndroidManifest.xml:35:13-43
51            android:exported="false" >
51-->[com.google.firebase:firebase-database:20.0.1] AndroidManifest.xml:31:13-37
52            <meta-data
52-->[com.google.firebase:firebase-database:20.0.1] AndroidManifest.xml:32:13-34:85
53                android:name="com.google.firebase.components:com.google.firebase.database.DatabaseRegistrar"
53-->[com.google.firebase:firebase-database:20.0.1] AndroidManifest.xml:33:17-109
54                android:value="com.google.firebase.components.ComponentRegistrar" />
54-->[com.google.firebase:firebase-database:20.0.1] AndroidManifest.xml:34:17-82
55        </service> <!-- Needs to be explicitly declared on P+ -->
56        <uses-library
56-->[com.google.android.gms:play-services-maps:17.0.1] AndroidManifest.xml:39:9-41:40
57            android:name="org.apache.http.legacy"
57-->[com.google.android.gms:play-services-maps:17.0.1] AndroidManifest.xml:40:13-50
58            android:required="false" />
58-->[com.google.android.gms:play-services-maps:17.0.1] AndroidManifest.xml:41:13-37
59
60        <provider
60-->[com.google.firebase:firebase-common:20.0.0] AndroidManifest.xml:26:9-31:39
61            android:name="com.google.firebase.provider.FirebaseInitProvider"
61-->[com.google.firebase:firebase-common:20.0.0] AndroidManifest.xml:27:13-77
62            android:authorities="com.defence.tracking_test.firebaseinitprovider"
62-->[com.google.firebase:firebase-common:20.0.0] AndroidManifest.xml:28:13-72
63            android:directBootAware="true"
63-->[com.google.firebase:firebase-common:20.0.0] AndroidManifest.xml:29:13-43
64            android:exported="false"
64-->[com.google.firebase:firebase-common:20.0.0] AndroidManifest.xml:30:13-37
65            android:initOrder="100" />
65-->[com.google.firebase:firebase-common:20.0.0] AndroidManifest.xml:31:13-36
66
67        <activity
67-->[com.google.android.gms:play-services-base:17.1.0] AndroidManifest.xml:23:9-26:75
68            android:name="com.google.android.gms.common.api.GoogleApiActivity"
68-->[com.google.android.gms:play-services-base:17.1.0] AndroidManifest.xml:24:13-79
69            android:exported="false"
69-->[com.google.android.gms:play-services-base:17.1.0] AndroidManifest.xml:25:13-37
70            android:theme="@android:style/Theme.Translucent.NoTitleBar" />
70-->[com.google.android.gms:play-services-base:17.1.0] AndroidManifest.xml:26:13-72
71
72        <meta-data
72-->[com.google.android.gms:play-services-basement:17.0.0] AndroidManifest.xml:23:9-25:69
73            android:name="com.google.android.gms.version"
73-->[com.google.android.gms:play-services-basement:17.0.0] AndroidManifest.xml:24:13-58
74            android:value="@integer/google_play_services_version" />
74-->[com.google.android.gms:play-services-basement:17.0.0] AndroidManifest.xml:25:13-66
75    </application>
76
77</manifest>